<?xml version="1.0" encoding="UTF-8"?>
<!-- Generated by org.testng.reporters.JUnitXMLReporter -->
<testsuite ignored="1" hostname="DESKTOP-P8I4LBC" failures="0" tests="1" name="Default test" time="0.075" errors="0" timestamp="2022-06-29T19:23:12 IST">
  <testcase classname="qaclickacademy.MavenJava.RestApiTest" name="apilogout" time="0.014"/>
  <testcase classname="qaclickacademy.MavenJava.RestApiTest" name="apilogin" time="0.0">
    <ignored/>
  </testcase> <!-- apilogin -->
</testsuite> <!-- Default test -->
