<?xml version="1.0" encoding="UTF-8"?>
<!-- Generated by org.testng.reporters.JUnitXMLReporter -->
<testsuite hostname="DESKTOP-P8I4LBC" failures="0" tests="6" name="Regression" time="0.128" errors="0" timestamp="11 Jun 2022 05:07:46 GMT">
  <testcase classname="qaclickacademy.MavenJava.RestApiTest" name="apilogin" time="0.052"/>
  <testcase classname="qaclickacademy.MavenJava.RestApiTest" name="apilogout" time="0.001"/>
  <testcase classname="qaclickacademy.MavenJava.SeleniumTest" name="BrowserLogin" time="0.001"/>
  <testcase classname="qaclickacademy.MavenJava.SeleniumTest" name="BrowserLogout" time="0.0"/>
  <testcase classname="qaclickacademy.MavenJava.AppiumTest" name="Appiumlogin" time="0.0"/>
  <testcase classname="qaclickacademy.MavenJava.AppiumTest" name="Appiumlogout" time="0.0"/>
</testsuite> <!-- Regression -->
