<?xml version="1.0" encoding="UTF-8"?>
<testng-results total="2" passed="2" failed="0" skipped="0">
  <reporter-output>
  </reporter-output>
  <suite started-at="2022-06-11T05:08:56Z" name="Suite" finished-at="2022-06-11T05:08:56Z" duration-ms="36">
    <groups>
    </groups>
    <test started-at="2022-06-11T05:08:56Z" name="Smoke" finished-at="2022-06-11T05:08:56Z" duration-ms="36">
      <class name="qaclickacademy.MavenJava.SeleniumTest">
        <test-method signature="BrowserLogin()[pri:0, instance:qaclickacademy.MavenJava.SeleniumTest@2609b277]" started-at="2022-06-11T10:38:56Z" name="BrowserLogin" finished-at="2022-06-11T10:38:56Z" duration-ms="13" status="PASS">
          <reporter-output>
          </reporter-output>
        </test-method> <!-- BrowserLogin -->
        <test-method signature="BrowserLogout()[pri:0, instance:qaclickacademy.MavenJava.SeleniumTest@2609b277]" started-at="2022-06-11T10:38:56Z" name="BrowserLogout" finished-at="2022-06-11T10:38:56Z" duration-ms="2" status="PASS">
          <reporter-output>
          </reporter-output>
        </test-method> <!-- BrowserLogout -->
      </class> <!-- qaclickacademy.MavenJava.SeleniumTest -->
    </test> <!-- Smoke -->
  </suite> <!-- Suite -->
</testng-results>
