<?xml version="1.0" encoding="UTF-8"?>
<testng-results ignored="0" total="1" passed="1" failed="0" skipped="0">
  <reporter-output>
  </reporter-output>
  <suite started-at="2022-05-29T09:21:03 IST" name="Default suite" finished-at="2022-05-29T09:21:03 IST" duration-ms="82">
    <groups>
    </groups>
    <test started-at="2022-05-29T09:21:03 IST" name="Default test" finished-at="2022-05-29T09:21:03 IST" duration-ms="82">
      <class name="qaclickacademy.MavenJava.RestApiTest">
        <test-method signature="browserlogin()[pri:0, instance:qaclickacademy.MavenJava.RestApiTest@29647f75]" started-at="2022-05-29T09:21:03 IST" name="browserlogin" finished-at="2022-05-29T09:21:03 IST" duration-ms="14" status="PASS">
          <reporter-output>
          </reporter-output>
        </test-method> <!-- browserlogin -->
      </class> <!-- qaclickacademy.MavenJava.RestApiTest -->
    </test> <!-- Default test -->
  </suite> <!-- Default suite -->
</testng-results>
