<?xml version="1.0" encoding="UTF-8"?>
<testng-results ignored="1" total="2" passed="1" failed="0" skipped="0">
  <reporter-output>
  </reporter-output>
  <suite started-at="2022-06-29T19:23:12 IST" name="Default suite" finished-at="2022-06-29T19:23:12 IST" duration-ms="75">
    <groups>
    </groups>
    <test started-at="2022-06-29T19:23:12 IST" name="Default test" finished-at="2022-06-29T19:23:12 IST" duration-ms="75">
      <class name="qaclickacademy.MavenJava.RestApiTest">
        <test-method signature="apilogout()[pri:0, instance:qaclickacademy.MavenJava.RestApiTest@2fb3536e]" started-at="2022-06-29T19:23:12 IST" name="apilogout" finished-at="2022-06-29T19:23:12 IST" duration-ms="14" status="PASS">
          <reporter-output>
          </reporter-output>
        </test-method> <!-- apilogout -->
      </class> <!-- qaclickacademy.MavenJava.RestApiTest -->
    </test> <!-- Default test -->
  </suite> <!-- Default suite -->
</testng-results>
